<?xml version="1.0" encoding="UTF-8"?>
<!-- Generated by org.testng.reporters.JUnitReportReporter -->
<testsuite hostname="mty-dqostdytpv6" failures="0" tests="1" name="com.challenge.easy.hashtable.FirstUniqueCharTest" time="0.002" errors="0" timestamp="2024-08-16T14:10:44 CST" skipped="0">
  <testcase classname="com.challenge.easy.hashtable.FirstUniqueCharTest" name="firstUniqCharTest" time="0.002"/>
</testsuite> <!-- com.challenge.easy.hashtable.FirstUniqueCharTest -->
