<?xml version="1.0" encoding="UTF-8"?>
<!-- Generated by org.testng.reporters.JUnitReportReporter -->
<testsuite hostname="mty-dqostdytpv6" failures="0" tests="3" name="com.challenge.easy.dfs.TreeInorderTraversalTest" time="0.008" errors="0" timestamp="2024-08-16T14:10:44 CST" skipped="0">
  <testcase classname="com.challenge.easy.dfs.TreeInorderTraversalTest" name="inorderTraversalTest3" time="0.000"/>
  <testcase classname="com.challenge.easy.dfs.TreeInorderTraversalTest" name="inorderTraversalTest1" time="0.008"/>
  <testcase classname="com.challenge.easy.dfs.TreeInorderTraversalTest" name="inorderTraversalTest2" time="0.000"/>
</testsuite> <!-- com.challenge.easy.dfs.TreeInorderTraversalTest -->
