<?xml version="1.0" encoding="UTF-8"?>
<!-- Generated by org.testng.reporters.JUnitReportReporter -->
<testsuite hostname="mty-dqostdytpv6" failures="0" tests="1" name="com.challenge.easy.binarysearch.KthMissingNumberTest" time="0.004" errors="0" timestamp="2024-08-16T14:10:44 CST" skipped="0">
  <testcase classname="com.challenge.easy.binarysearch.KthMissingNumberTest" name="findKthPositiveTest" time="0.004"/>
</testsuite> <!-- com.challenge.easy.binarysearch.KthMissingNumberTest -->
