<?xml version="1.0" encoding="UTF-8"?>
<!-- Generated by org.testng.reporters.JUnitReportReporter -->
<testsuite hostname="mty-dqostdytpv6" failures="0" tests="1" name="com.challenge.easy.arrays.FindFirstPalindromeTest" time="0.008" errors="0" timestamp="2024-08-16T14:10:44 CST" skipped="0">
  <testcase classname="com.challenge.easy.arrays.FindFirstPalindromeTest" name="firstPalindromeTest" time="0.008"/>
</testsuite> <!-- com.challenge.easy.arrays.FindFirstPalindromeTest -->
